<?xml version="1.0" encoding="UTF-8"?>
<!-- Generated by org.testng.reporters.JUnitXMLReporter -->
<testsuite ignored="6" hostname="DESKTOP-13BH4KV" failures="0" tests="4" name="Regression" time="81.893" errors="0" timestamp="2023-01-05T01:28:05 IST">
  <testcase classname="testCases.TC1_CreateAccount" name="WelcomePage" time="11.582"/>
  <testcase classname="testCases.TC2_SignIn" name="doSignIn" time="9.582"/>
  <testcase classname="testCases.TC3_PurchaseItem" name="purchaseItemFromList" time="36.808"/>
  <testcase classname="testCases.TC4_SignOut" name="clickOnSignOut" time="13.313"/>
  <testcase classname="testCases.BaseClass" name="@AfterSuite end" time="0.0">
    <ignored/>
  </testcase> <!-- @AfterSuite end -->
  <testcase classname="testCases.BaseClass" name="@AfterSuite end" time="0.0">
    <ignored/>
  </testcase> <!-- @AfterSuite end -->
  <testcase classname="testCases.BaseClass" name="@AfterSuite end" time="0.0">
    <ignored/>
  </testcase> <!-- @AfterSuite end -->
  <testcase classname="testCases.BaseClass" name="@BeforeSuite start" time="0.0">
    <ignored/>
  </testcase> <!-- @BeforeSuite start -->
  <testcase classname="testCases.BaseClass" name="@BeforeSuite start" time="0.0">
    <ignored/>
  </testcase> <!-- @BeforeSuite start -->
  <testcase classname="testCases.BaseClass" name="@BeforeSuite start" time="0.0">
    <ignored/>
  </testcase> <!-- @BeforeSuite start -->
</testsuite> <!-- Regression -->
