<?xml version="1.0" encoding="UTF-8"?>
<testng-results ignored="0" total="1" passed="1" failed="0" skipped="0">
  <reporter-output>
  </reporter-output>
  <suite started-at="2023-02-26T15:16:24 IST" name="Default suite" finished-at="2023-02-26T15:17:00 IST" duration-ms="35964">
    <groups>
    </groups>
    <test started-at="2023-02-26T15:16:24 IST" name="Default test" finished-at="2023-02-26T15:17:00 IST" duration-ms="35964">
      <class name="testCases.TC1_CreateAccount">
        <test-method is-config="true" signature="start()[pri:0, instance:testCases.TC1_CreateAccount@740cae06]" started-at="2023-02-26T15:16:24 IST" name="start" finished-at="2023-02-26T15:16:24 IST" duration-ms="28" status="PASS">
          <reporter-output>
          </reporter-output>
        </test-method> <!-- start -->
        <test-method is-config="true" signature="initialiseBrowser()[pri:0, instance:testCases.TC1_CreateAccount@740cae06]" started-at="2023-02-26T15:16:24 IST" name="initialiseBrowser" finished-at="2023-02-26T15:16:40 IST" duration-ms="16338" status="PASS">
          <reporter-output>
          </reporter-output>
        </test-method> <!-- initialiseBrowser -->
        <test-method signature="WelcomePage()[pri:0, instance:testCases.TC1_CreateAccount@740cae06]" started-at="2023-02-26T15:16:40 IST" name="WelcomePage" finished-at="2023-02-26T15:16:57 IST" duration-ms="16955" status="PASS">
          <reporter-output>
          </reporter-output>
        </test-method> <!-- WelcomePage -->
        <test-method is-config="true" signature="tearDown()[pri:0, instance:testCases.TC1_CreateAccount@740cae06]" started-at="2023-02-26T15:16:57 IST" name="tearDown" finished-at="2023-02-26T15:17:00 IST" duration-ms="2455" status="PASS">
          <reporter-output>
          </reporter-output>
        </test-method> <!-- tearDown -->
        <test-method is-config="true" signature="end()[pri:0, instance:testCases.TC1_CreateAccount@740cae06]" started-at="2023-02-26T15:17:00 IST" name="end" finished-at="2023-02-26T15:17:00 IST" duration-ms="1" status="PASS">
          <reporter-output>
          </reporter-output>
        </test-method> <!-- end -->
      </class> <!-- testCases.TC1_CreateAccount -->
    </test> <!-- Default test -->
  </suite> <!-- Default suite -->
</testng-results>
